23:59:45.346  Initializing calculation...
23:59:45.346  vList= 
23:59:45.347  [   -0.893120,    -1.976990,     0.000000,     8.000000],
23:59:45.347  [    0.914170,    -1.898400,     0.000000,     1.000000],
23:59:45.347  [   -1.422320,    -0.247140,     0.000000,     1.000000],
23:59:45.347  eta (before normalization) = 
23:59:45.347  [   1.307093e+02,    1.543300e-01],
23:59:45.347  [   2.380887e+01,    5.353300e-01],
23:59:45.348  [   6.443610e+00,    4.446300e-01],
23:59:45.348  [   5.033150e+00,   -9.997000e-02],
23:59:45.348  [   1.169600e+00,    3.995100e-01],
23:59:45.348  [   3.803900e-01,    7.001200e-01],
23:59:45.348  [   5.033150e+00,    1.559200e-01],
23:59:45.348  [   1.169600e+00,    6.076800e-01],
23:59:45.348  [   3.803900e-01,    3.919600e-01],
23:59:45.348  [   5.033150e+00,    1.559200e-01],
23:59:45.348  [   1.169600e+00,    6.076800e-01],
23:59:45.348  [   3.803900e-01,    3.919600e-01],
23:59:45.348  [   5.033150e+00,    1.559200e-01],
23:59:45.348  [   1.169600e+00,    6.076800e-01],
23:59:45.348  [   3.803900e-01,    3.919600e-01],
23:59:45.349  [   3.425250e+00,    1.543300e-01],
23:59:45.349  [   6.239100e-01,    5.353300e-01],
23:59:45.349  [   1.688600e-01,    4.446300e-01],
23:59:45.349  [   3.425250e+00,    1.543300e-01],
23:59:45.349  [   6.239100e-01,    5.353300e-01],
23:59:45.349  [   1.688600e-01,    4.446300e-01],
23:59:45.349  nFirst = [0, 3, 6, 9, 12, 15, 18]
23:59:45.349  nLast  = [2, 5, 8, 11, 14, 17, 20]
23:59:45.349  nType  = [0, 0, 1, 2, 3, 0, 0]
23:59:45.349  nCenter= [0, 0, 0, 0, 0, 1, 2]
23:59:45.349  nBasis= 7 | nGauss= 21
23:59:45.350  Nuclear Repulsion Energy= 9.194220
23:59:45.379  OEIs computed successfully
23:59:45.380  SCF Type: Closed Shell Calculation
23:59:45.380  nOcc= 5 | mOrb= 7 | mm= 49
23:59:45.384  Initial Guess: H-core
23:59:45.387  Total Number of ERIs= 406
23:59:45.387  -- Internal storage available. Saving ERIs in temporary file "spe.eri"
23:59:45.816  -- File size: 4 KB
23:59:45.822  Iteration Nr.    1
23:59:45.822  ******************
23:59:45.829  DIIS error: 0.00000
23:59:45.829  Current electronic energy = -82.42673076
23:59:45.829  Current total energy = -73.23251122
23:59:45.829  Sum of differences in densP = 8.70123e+00 -> 37 changing
23:59:45.831  Iteration Nr.    2
23:59:45.831  ******************
23:59:45.837  DIIS error: 0.11917
23:59:45.838  Current electronic energy = -84.14010972
23:59:45.838  Current total energy = -74.94589018
23:59:45.838  Sum of differences in densP = 7.53202e-01 -> 36 changing
23:59:45.840  Iteration Nr.    3
23:59:45.840  ******************
23:59:45.847  DIIS error: 0.03259
23:59:45.847  Current electronic energy = -84.15631409
23:59:45.847  Current total energy = -74.96209455
23:59:45.847  Sum of differences in densP = 1.35741e-01 -> 36 changing
23:59:45.849  Iteration Nr.    4
23:59:45.849  ******************
23:59:45.856  DIIS error: 0.00765
23:59:45.856  Current electronic energy = -84.15698777
23:59:45.856  Current total energy = -74.96276823
23:59:45.856  Sum of differences in densP = 9.77561e-02 -> 36 changing
23:59:45.859  Iteration Nr.    5
23:59:45.859  ******************
23:59:45.865  DIIS error: 0.00153
23:59:45.865  Current electronic energy = -84.15715399
23:59:45.865  Current total energy = -74.96293445
23:59:45.865  Sum of differences in densP = 2.83896e-02 -> 36 changing
23:59:45.867  Iteration Nr.    6
23:59:45.867  ******************
23:59:45.874  DIIS error: 0.00008
23:59:45.874  Current electronic energy = -84.15716327
23:59:45.874  Current total energy = -74.96294373
23:59:45.874  Sum of differences in densP = 3.62792e-04 -> 31 changing
23:59:45.877  Iteration Nr.    7
23:59:45.877  ******************
23:59:45.883  DIIS error: 0.00000
23:59:45.883  Current electronic energy = -84.15716327
23:59:45.883  Current total energy = -74.96294373
23:59:45.883  Sum of differences in densP = 1.92795e-05 -> 6 changing
23:59:45.887  Iteration Nr.    8
23:59:45.887  ******************
23:59:45.893  DIIS error: 0.00000
23:59:45.894  Current electronic energy = -84.15716327
23:59:45.894  Current total energy = -74.96294373
23:59:45.894  Sum of differences in densP = 3.00126e-07 -> 0 changing
23:59:45.894  SCF converged after 8 iterations
23:59:45.899  Final density matrix:
23:59:45.900  [  2.106254,  -0.446023,   0.062670,   0.088676,  -0.000000,  -0.028434,  -0.028434],
23:59:45.900  [ -0.446023,   1.967302,  -0.356512,  -0.504455,  -0.000000,  -0.034058,  -0.034059],
23:59:45.900  [  0.062670,  -0.356512,   0.903647,   0.237869,  -0.000000,   0.713600,  -0.167944],
23:59:45.900  [  0.088676,  -0.504455,   0.237869,   1.072117,  -0.000000,   0.074535,   0.697549],
23:59:45.901  [ -0.000000,  -0.000000,  -0.000000,  -0.000000,   2.000000,  -0.000000,  -0.000000],
23:59:45.901  [ -0.028434,  -0.034058,   0.713600,   0.074535,  -0.000000,   0.600925,  -0.191194],
23:59:45.901  [ -0.028434,  -0.034059,  -0.167944,   0.697549,  -0.000000,  -0.191194,   0.600922],
23:59:45.901  Final coefficients matrix:
23:59:45.901  [  0.994129,  -0.232787,  -0.000001,   0.103171,   0.000000,   0.132379,  -0.000004],
23:59:45.901  [  0.026562,   0.833518,   0.000005,  -0.536836,  -0.000000,  -0.884628,   0.000026],
23:59:45.902  [  0.002508,   0.074781,   0.495242,   0.448286,  -0.000000,  -0.428440,  -0.808921],
23:59:45.902  [  0.003549,   0.105815,  -0.350006,   0.634306,  -0.000000,  -0.606190,   0.571712],
23:59:45.902  [ -0.000000,  -0.000000,  -0.000000,  -0.000000,   1.000000,  -0.000000,  -0.000000],
23:59:45.902  [ -0.005972,   0.158716,   0.445005,   0.277860,  -0.000000,   0.797126,   0.838604],
23:59:45.903  [ -0.005972,   0.158719,  -0.445005,   0.277857,  -0.000000,   0.797092,  -0.838645],
23:59:45.903  ==================================
23:59:45.903  nOcc= 5 Doubly occupied orbitals
23:59:45.903  e   1=      -20.241727
23:59:45.903  e   2=       -1.268366
23:59:45.903  e   3=       -0.617893
23:59:45.903  e   4=       -0.452984
23:59:45.903  e   5=       -0.391239
23:59:45.903  e   6=        0.605603
23:59:45.903  e   7=        0.742310
23:59:45.903  ET= 74.589176 EV= -196.959083 ERep= 38.212744 ENucl= 9.194220
23:59:45.903  Etot= -74.962944
23:59:45.903  Mulliken Population Analysis: 
23:59:45.903  v   0 |    8.0000 |   -0.3663
23:59:45.903  v   1 |    1.0000 |    0.1831
23:59:45.903  v   2 |    1.0000 |    0.1831
23:59:45.903  Properties from Koopmans' Theorem (in eV): 
23:59:45.904  IP= 10.65 | EA= -16.48 | X= 2.92 | u= -2.92 | n= 27.13
23:59:45.904  Total cpu time: 0.009883 minutes
 
